#
# There is insufficient memory for the Java Runtime Environment to continue.
# Native memory allocation (mmap) failed to map 65536 bytes for Failed to commit metaspace.
# Possible reasons:
#   The system is out of physical RAM or swap space
#   The process is running with CompressedOops enabled, and the Java Heap may be blocking the growth of the native heap
# Possible solutions:
#   Reduce memory load on the system
#   Increase physical memory or swap space
#   Check if swap backing store is full
#   Decrease Java heap size (-Xmx/-Xms)
#   Decrease number of Java threads
#   Decrease Java thread stack sizes (-Xss)
#   Set larger code cache with -XX:ReservedCodeCacheSize=
#   JVM is running with Unscaled Compressed Oops mode in which the Java heap is
#     placed in the first 4GB address space. The Java Heap base address is the
#     maximum limit for the native heap growth. Please use -XX:HeapBaseMinAddress
#     to set the Java Heap base and to place the Java Heap above 4GB virtual address.
# This output file may be truncated or incomplete.
#
#  Out of Memory Error (virtualSpaceNode.cpp:110), pid=3856, tid=12224
#
# JRE version: Java(TM) SE Runtime Environment (17.0.9+11) (build 17.0.9+11-LTS-201)
# Java VM: Java HotSpot(TM) 64-Bit Server VM (17.0.9+11-LTS-201, mixed mode, sharing, tiered, compressed oops, compressed class ptrs, g1 gc, windows-amd64)
# No core dump will be written. Minidumps are not enabled by default on client versions of Windows
#

---------------  S U M M A R Y ------------

Command Line: -ea -Didea.test.cyclic.buffer.size=1048576 -javaagent:D:\auto class\1- software\ideaIC-2023.3.2.win\lib\idea_rt.jar=52527:D:\auto class\1- software\ideaIC-2023.3.2.win\bin -Dfile.encoding=UTF-8 com.intellij.rt.testng.RemoteTestNGStarter -usedefaultlisteners false -socket52526 @w@C:\Users\nhung\AppData\Local\Temp\idea_working_dirs_testng.tmp -temp C:\Users\nhung\AppData\Local\Temp\idea_testng.tmp

Host: Intel(R) Core(TM) i5-3340M CPU @ 2.70GHz, 4 cores, 3G,  Windows 10 , 64 bit Build 19041 (10.0.19041.3636)
Time: Thu Feb 22 10:11:31 2024 SE Asia Standard Time elapsed time: 14.686720 seconds (0d 0h 0m 14s)

---------------  T H R E A D  ---------------

Current thread (0x0000014902f45e90):  JavaThread "Forwarding newSession on session null to remote" [_thread_in_vm, id=12224, stack(0x0000000c69000000,0x0000000c69100000)]

Stack: [0x0000000c69000000,0x0000000c69100000]
Native frames: (J=compiled Java code, j=interpreted, Vv=VM code, C=native code)
V  [jvm.dll+0x678a4a]
V  [jvm.dll+0x7d9cfd]
V  [jvm.dll+0x7db60e]
V  [jvm.dll+0x7dbc73]
V  [jvm.dll+0x245e1f]
V  [jvm.dll+0x7d5a0b]
V  [jvm.dll+0x61ebc6]
V  [jvm.dll+0x1c01f7]
V  [jvm.dll+0x621530]
V  [jvm.dll+0x61f586]
V  [jvm.dll+0x23b826]
V  [jvm.dll+0x1ea6f7]
V  [jvm.dll+0x1e0391]
V  [jvm.dll+0x53eaec]
V  [jvm.dll+0x7546bd]
V  [jvm.dll+0x75461a]
V  [jvm.dll+0x40cdf3]
V  [jvm.dll+0x42041c]
C  [java.dll+0x1657]

Java frames: (J=compiled Java code, j=interpreted, Vv=VM code)
J 1691  java.lang.ClassLoader.defineClass0(Ljava/lang/ClassLoader;Ljava/lang/Class;Ljava/lang/String;[BIILjava/security/ProtectionDomain;ZILjava/lang/Object;)Ljava/lang/Class; java.base@17.0.9 (0 bytes) @ 0x0000014913b29191 [0x0000014913b290a0+0x00000000000000f1]
J 1692 c1 java.lang.System$2.defineClass(Ljava/lang/ClassLoader;Ljava/lang/Class;Ljava/lang/String;[BLjava/security/ProtectionDomain;ZILjava/lang/Object;)Ljava/lang/Class; java.base@17.0.9 (21 bytes) @ 0x000001490c2e6aec [0x000001490c2e6a40+0x00000000000000ac]
J 1236 c1 java.lang.invoke.MethodHandles$Lookup$ClassDefiner.defineClass(ZLjava/lang/Object;)Ljava/lang/Class; java.base@17.0.9 (97 bytes) @ 0x000001490c200ec4 [0x000001490c2003a0+0x0000000000000b24]
j  java.lang.invoke.InvokerBytecodeGenerator.loadMethod([B)Ljava/lang/invoke/MemberName;+16 java.base@17.0.9
j  java.lang.invoke.InvokerBytecodeGenerator.generateCustomizedCode(Ljava/lang/invoke/LambdaForm;Ljava/lang/invoke/MethodType;)Ljava/lang/invoke/MemberName;+30 java.base@17.0.9
j  java.lang.invoke.LambdaForm.compileToBytecode()V+69 java.base@17.0.9
j  java.lang.invoke.DirectMethodHandle.makePreparedLambdaForm(Ljava/lang/invoke/MethodType;I)Ljava/lang/invoke/LambdaForm;+792 java.base@17.0.9
J 1111 c1 java.lang.invoke.DirectMethodHandle.preparedLambdaForm(Ljava/lang/invoke/MemberName;Z)Ljava/lang/invoke/LambdaForm; java.base@17.0.9 (244 bytes) @ 0x000001490c1b8a0c [0x000001490c1b8000+0x0000000000000a0c]
J 1157 c1 java.lang.invoke.DirectMethodHandle.make(BLjava/lang/Class;Ljava/lang/invoke/MemberName;Ljava/lang/Class;)Ljava/lang/invoke/DirectMethodHandle; java.base@17.0.9 (275 bytes) @ 0x000001490c1d0d74 [0x000001490c1d0220+0x0000000000000b54]
J 1311 c1 java.lang.invoke.MethodHandles$Lookup.getDirectMethodCommon(BLjava/lang/Class;Ljava/lang/invoke/MemberName;ZZLjava/lang/invoke/MethodHandles$Lookup;)Ljava/lang/invoke/MethodHandle; java.base@17.0.9 (280 bytes) @ 0x000001490c22f8cc [0x000001490c22ef20+0x00000000000009ac]
J 1357 c1 java.lang.invoke.MethodHandles$Lookup.getDirectMethodNoSecurityManager(BLjava/lang/Class;Ljava/lang/invoke/MemberName;Ljava/lang/invoke/MethodHandles$Lookup;)Ljava/lang/invoke/MethodHandle; java.base@17.0.9 (18 bytes) @ 0x000001490c23f0a4 [0x000001490c23f020+0x0000000000000084]
J 1711 c1 java.lang.invoke.MethodHandles$Lookup.getDirectMethodForConstant(BLjava/lang/Class;Ljava/lang/invoke/MemberName;)Ljava/lang/invoke/MethodHandle; java.base@17.0.9 (72 bytes) @ 0x000001490c2ec9fc [0x000001490c2ebd60+0x0000000000000c9c]
J 1223 c1 java.lang.invoke.MethodHandles$Lookup.linkMethodHandleConstant(BLjava/lang/Class;Ljava/lang/String;Ljava/lang/Object;)Ljava/lang/invoke/MethodHandle; java.base@17.0.9 (223 bytes) @ 0x000001490c1f353c [0x000001490c1f2760+0x0000000000000ddc]
J 1222 c1 java.lang.invoke.MethodHandleNatives.linkMethodHandleConstant(Ljava/lang/Class;ILjava/lang/Class;Ljava/lang/String;Ljava/lang/Object;)Ljava/lang/invoke/MethodHandle; java.base@17.0.9 (50 bytes) @ 0x000001490c1f20a4 [0x000001490c1f1fe0+0x00000000000000c4]
v  ~StubRoutines::call_stub
j  org.openqa.selenium.remote.HandshakeResponse.getResponseFunction()Ljava/util/function/Function;+1
j  org.openqa.selenium.remote.ProtocolHandshake.createSession(Lorg/openqa/selenium/remote/http/HttpHandler;Ljava/util/function/Supplier;J)Lorg/openqa/selenium/internal/Either;+242
j  org.openqa.selenium.remote.ProtocolHandshake.createSession(Lorg/openqa/selenium/remote/http/HttpHandler;Lorg/openqa/selenium/remote/NewSessionPayload;)Lorg/openqa/selenium/internal/Either;+78
j  org.openqa.selenium.remote.ProtocolHandshake.createSession(Lorg/openqa/selenium/remote/http/HttpHandler;Lorg/openqa/selenium/remote/Command;)Lorg/openqa/selenium/remote/ProtocolHandshake$Result;+53
j  org.openqa.selenium.remote.HttpCommandExecutor.execute(Lorg/openqa/selenium/remote/Command;)Lorg/openqa/selenium/remote/Response;+122
j  org.openqa.selenium.remote.service.DriverCommandExecutor.invokeExecute(Lorg/openqa/selenium/remote/Command;)Lorg/openqa/selenium/remote/Response;+2
j  org.openqa.selenium.remote.service.DriverCommandExecutor.execute(Lorg/openqa/selenium/remote/Command;)Lorg/openqa/selenium/remote/Response;+195
j  org.openqa.selenium.remote.RemoteWebDriver.execute(Lorg/openqa/selenium/remote/CommandPayload;)Lorg/openqa/selenium/remote/Response;+77
j  org.openqa.selenium.remote.RemoteWebDriver.startSession(Lorg/openqa/selenium/Capabilities;)V+18
j  org.openqa.selenium.remote.RemoteWebDriver.<init>(Lorg/openqa/selenium/remote/CommandExecutor;Lorg/openqa/selenium/Capabilities;)V+88
j  org.openqa.selenium.firefox.FirefoxDriver.<init>(Lorg/openqa/selenium/firefox/FirefoxDriver$FirefoxDriverCommandExecutor;Lorg/openqa/selenium/firefox/FirefoxOptions;Lorg/openqa/selenium/remote/http/ClientConfig;)V+6
j  org.openqa.selenium.firefox.FirefoxDriver.<init>(Lorg/openqa/selenium/firefox/FirefoxDriver$FirefoxDriverCommandExecutor;Lorg/openqa/selenium/firefox/FirefoxOptions;)V+6
j  org.openqa.selenium.firefox.FirefoxDriver.<init>(Lorg/openqa/selenium/firefox/FirefoxDriverService;Lorg/openqa/selenium/firefox/FirefoxOptions;Lorg/openqa/selenium/remote/http/ClientConfig;)V+8
j  org.openqa.selenium.firefox.FirefoxDriver.<init>(Lorg/openqa/selenium/firefox/FirefoxDriverService;Lorg/openqa/selenium/firefox/FirefoxOptions;)V+6
j  org.openqa.selenium.firefox.FirefoxDriver.<init>(Lorg/openqa/selenium/firefox/FirefoxOptions;)V+5
j  org.openqa.selenium.firefox.FirefoxDriver.<init>()V+8
j  webdriver.Topic_15_popup_P1.beforeClass()V+50
v  ~StubRoutines::call_stub
j  jdk.internal.reflect.NativeMethodAccessorImpl.invoke0(Ljava/lang/reflect/Method;Ljava/lang/Object;[Ljava/lang/Object;)Ljava/lang/Object;+0 java.base@17.0.9
j  jdk.internal.reflect.NativeMethodAccessorImpl.invoke(Ljava/lang/Object;[Ljava/lang/Object;)Ljava/lang/Object;+133 java.base@17.0.9
j  jdk.internal.reflect.DelegatingMethodAccessorImpl.invoke(Ljava/lang/Object;[Ljava/lang/Object;)Ljava/lang/Object;+6 java.base@17.0.9
j  java.lang.reflect.Method.invoke(Ljava/lang/Object;[Ljava/lang/Object;)Ljava/lang/Object;+59 java.base@17.0.9
j  org.testng.internal.invokers.MethodInvocationHelper.invokeMethod(Ljava/lang/reflect/Method;Ljava/lang/Object;[Ljava/lang/Object;)Ljava/lang/Object;+198
j  org.testng.internal.invokers.MethodInvocationHelper.invokeMethodConsideringTimeout(Lorg/testng/ITestNGMethod;Lorg/testng/internal/ConstructorOrMethod;Ljava/lang/Object;[Ljava/lang/Object;Lorg/testng/ITestResult;)V+15
j  org.testng.internal.invokers.ConfigInvoker.invokeConfigurationMethod(Ljava/lang/Object;Lorg/testng/ITestNGMethod;[Ljava/lang/Object;Lorg/testng/ITestResult;)V+218
j  org.testng.internal.invokers.ConfigInvoker.invokeConfigurations(Lorg/testng/internal/invokers/ConfigMethodArguments;)V+536
j  org.testng.internal.invokers.TestMethodWorker.invokeBeforeClassMethods(Lorg/testng/ITestClass;Lorg/testng/IMethodInstance;)V+164
j  org.testng.internal.invokers.TestMethodWorker.run()V+102
j  org.testng.TestRunner$$Lambda$192+0x00000149210ff880.accept(Ljava/lang/Object;)V+7
j  java.util.ArrayList.forEach(Ljava/util/function/Consumer;)V+46 java.base@17.0.9
j  org.testng.TestRunner.privateRun(Lorg/testng/xml/XmlTest;)V+303
j  org.testng.TestRunner.run()V+25
j  org.testng.SuiteRunner.runTest(Lorg/testng/TestRunner;)V+21
j  org.testng.SuiteRunner.runSequentially()V+31
j  org.testng.SuiteRunner.privateRun()V+340
j  org.testng.SuiteRunner.run()V+6
j  org.testng.SuiteRunnerWorker.runSuite(Lorg/testng/internal/invokers/SuiteRunnerMap;Lorg/testng/xml/XmlSuite;)V+56
j  org.testng.SuiteRunnerWorker.run()V+12
j  org.testng.TestNG.runSuitesSequentially(Lorg/testng/xml/XmlSuite;Lorg/testng/internal/invokers/SuiteRunnerMap;ILjava/lang/String;)V+66
j  org.testng.TestNG.runSuitesLocally()Ljava/util/List;+202
j  org.testng.TestNG.runSuites()Ljava/util/List;+1
j  org.testng.TestNG.run()V+25
j  com.intellij.rt.testng.IDEARemoteTestNG.run()V+270
j  com.intellij.rt.testng.RemoteTestNGStarter.main([Ljava/lang/String;)V+548
v  ~StubRoutines::call_stub

---------------  P R O C E S S  ---------------

Threads class SMR info:
_java_thread_list=0x0000014966b496b0, length=21, elements={
0x0000014902f45e90, 0x0000014902fff550, 0x00000149030023e0, 0x0000014903013990,
0x0000014903014550, 0x0000014903017020, 0x00000149030179e0, 0x00000149030186d0,
0x0000014903019180, 0x000001496118cad0, 0x0000014961320040, 0x0000014961398c40,
0x000001496139a130, 0x00000149664d5d70, 0x0000014966337d20, 0x000001496639a080,
0x0000014966b3f090, 0x0000014966b404d0, 0x0000014966b3fab0, 0x0000014966b3ffc0,
0x0000014966b3f5a0
}

Java Threads: ( => current thread )
=>0x0000014902f45e90 JavaThread "Forwarding newSession on session null to remote" [_thread_in_vm, id=12224, stack(0x0000000c69000000,0x0000000c69100000)]
  0x0000014902fff550 JavaThread "Reference Handler" daemon [_thread_blocked, id=14048, stack(0x0000000c69700000,0x0000000c69800000)]
  0x00000149030023e0 JavaThread "Finalizer" daemon [_thread_blocked, id=16032, stack(0x0000000c69800000,0x0000000c69900000)]
  0x0000014903013990 JavaThread "Signal Dispatcher" daemon [_thread_blocked, id=13620, stack(0x0000000c69900000,0x0000000c69a00000)]
  0x0000014903014550 JavaThread "Attach Listener" daemon [_thread_blocked, id=6612, stack(0x0000000c69a00000,0x0000000c69b00000)]
  0x0000014903017020 JavaThread "Service Thread" daemon [_thread_blocked, id=10200, stack(0x0000000c69b00000,0x0000000c69c00000)]
  0x00000149030179e0 JavaThread "Monitor Deflation Thread" daemon [_thread_blocked, id=12052, stack(0x0000000c69c00000,0x0000000c69d00000)]
  0x00000149030186d0 JavaThread "C2 CompilerThread0" daemon [_thread_blocked, id=2212, stack(0x0000000c69d00000,0x0000000c69e00000)]
  0x0000014903019180 JavaThread "C1 CompilerThread0" daemon [_thread_blocked, id=11504, stack(0x0000000c69e00000,0x0000000c69f00000)]
  0x000001496118cad0 JavaThread "Sweeper thread" daemon [_thread_blocked, id=7348, stack(0x0000000c69f00000,0x0000000c6a000000)]
  0x0000014961320040 JavaThread "Common-Cleaner" daemon [_thread_blocked, id=12316, stack(0x0000000c6a000000,0x0000000c6a100000)]
  0x0000014961398c40 JavaThread "Monitor Ctrl-Break" daemon [_thread_in_native, id=10648, stack(0x0000000c6a100000,0x0000000c6a200000)]
  0x000001496139a130 JavaThread "Notification Thread" daemon [_thread_blocked, id=16144, stack(0x0000000c6a200000,0x0000000c6a300000)]
  0x00000149664d5d70 JavaThread "ForkJoinPool.commonPool-worker-1" daemon [_thread_blocked, id=12016, stack(0x0000000c6a700000,0x0000000c6a800000)]
  0x0000014966337d20 JavaThread "HttpClient-1-SelectorManager" daemon [_thread_in_native, id=10040, stack(0x0000000c6a800000,0x0000000c6a900000)]
  0x000001496639a080 JavaThread "Thread-0" [_thread_in_native, id=14060, stack(0x0000000c6a900000,0x0000000c6aa00000)]
  0x0000014966b3f090 JavaThread "Driver Service Executor" daemon [_thread_blocked, id=9968, stack(0x0000000c6aa00000,0x0000000c6ab00000)]
  0x0000014966b404d0 JavaThread "Driver Service Executor" daemon [_thread_in_native, id=13380, stack(0x0000000c6ab00000,0x0000000c6ac00000)]
  0x0000014966b3fab0 JavaThread "pool-1-thread-1" [_thread_blocked, id=1216, stack(0x0000000c6ad00000,0x0000000c6ae00000)]
  0x0000014966b3ffc0 JavaThread "pool-1-thread-2" [_thread_blocked, id=7660, stack(0x0000000c6ae00000,0x0000000c6af00000)]
  0x0000014966b3f5a0 JavaThread "pool-1-thread-3" [_thread_blocked, id=1292, stack(0x0000000c6af00000,0x0000000c6b000000)]

Other Threads:
  0x0000014902ff98e0 VMThread "VM Thread" [stack: 0x0000000c69600000,0x0000000c69700000] [id=8208]
  0x00000149613f0090 WatcherThread [stack: 0x0000000c6a300000,0x0000000c6a400000] [id=6448]
  0x0000014902f7f800 GCTaskThread "GC Thread#0" [stack: 0x0000000c69100000,0x0000000c69200000] [id=13796]
  0x00000149616ad340 GCTaskThread "GC Thread#1" [stack: 0x0000000c6a400000,0x0000000c6a500000] [id=1856]
  0x00000149661121a0 GCTaskThread "GC Thread#2" [stack: 0x0000000c6a500000,0x0000000c6a600000] [id=13880]
  0x0000014966112460 GCTaskThread "GC Thread#3" [stack: 0x0000000c6a600000,0x0000000c6a700000] [id=15036]
  0x0000014902f88450 ConcurrentGCThread "G1 Main Marker" [stack: 0x0000000c69200000,0x0000000c69300000] [id=9120]
  0x0000014902f89e70 ConcurrentGCThread "G1 Conc#0" [stack: 0x0000000c69300000,0x0000000c69400000] [id=1212]
  0x0000014902fd6f30 ConcurrentGCThread "G1 Refine#0" [stack: 0x0000000c69400000,0x0000000c69500000] [id=16152]
  0x0000014902fd7960 ConcurrentGCThread "G1 Service" [stack: 0x0000000c69500000,0x0000000c69600000] [id=15536]

Threads with active compile tasks:

VM state: not at safepoint (normal execution)

VM Mutex/Monitor currently owned by a thread:  ([mutex/lock_event])
[0x0000014902f3db70] Metaspace_lock - owner thread: 0x0000014902f45e90

Heap address: 0x00000000c1800000, size: 1000 MB, Compressed Oops mode: 32-bit

CDS archive(s) mapped at: [0x0000014920000000-0x0000014920bd0000-0x0000014920bd0000), size 12386304, SharedBaseAddress: 0x0000014920000000, ArchiveRelocationMode: 1.
Compressed class space mapped at: 0x0000014921000000-0x0000014961000000, reserved size: 1073741824
Narrow klass base: 0x0000014920000000, Narrow klass shift: 0, Narrow klass range: 0x100000000

GC Precious Log:
 CPUs: 4 total, 4 available
 Memory: 3999M
 Large Page Support: Disabled
 NUMA Support: Disabled
 Compressed Oops: Enabled (32-bit)
 Heap Region Size: 1M
 Heap Min Capacity: 8M
 Heap Initial Capacity: 64M
 Heap Max Capacity: 1000M
 Pre-touch: Disabled
 Parallel Workers: 4
 Concurrent Workers: 1
 Concurrent Refinement Workers: 4
 Periodic GC: Disabled

Heap:
 garbage-first heap   total 65536K, used 25140K [0x00000000c1800000, 0x0000000100000000)
  region size 1024K, 16 young (16384K), 2 survivors (2048K)
 Metaspace       used 15837K, committed 16128K, reserved 1114112K
  class space    used 1945K, committed 2112K, reserved 1048576K

Heap Regions: E=young(eden), S=young(survivor), O=old, HS=humongous(starts), HC=humongous(continues), CS=collection set, F=free, OA=open archive, CA=closed archive, TAMS=top-at-mark-start (previous, next)
|   0|0x00000000c1800000, 0x00000000c1900000, 0x00000000c1900000|100%|HS|  |TAMS 0x00000000c1800000, 0x00000000c1800000| Complete 
|   1|0x00000000c1900000, 0x00000000c1a00000, 0x00000000c1a00000|100%|HC|  |TAMS 0x00000000c1900000, 0x00000000c1900000| Complete 
|   2|0x00000000c1a00000, 0x00000000c1b00000, 0x00000000c1b00000|100%|HC|  |TAMS 0x00000000c1a00000, 0x00000000c1a00000| Complete 
|   3|0x00000000c1b00000, 0x00000000c1c00000, 0x00000000c1c00000|100%|HS|  |TAMS 0x00000000c1b00000, 0x00000000c1b00000| Complete 
|   4|0x00000000c1c00000, 0x00000000c1d00000, 0x00000000c1d00000|100%|HC|  |TAMS 0x00000000c1c00000, 0x00000000c1c00000| Complete 
|   5|0x00000000c1d00000, 0x00000000c1e00000, 0x00000000c1e00000|100%|HC|  |TAMS 0x00000000c1d00000, 0x00000000c1d00000| Complete 
|   6|0x00000000c1e00000, 0x00000000c1f00000, 0x00000000c1f00000|100%| O|  |TAMS 0x00000000c1e00000, 0x00000000c1e00000| Untracked 
|   7|0x00000000c1f00000, 0x00000000c2000000, 0x00000000c2000000|100%| O|  |TAMS 0x00000000c1f00000, 0x00000000c1f00000| Untracked 
|   8|0x00000000c2000000, 0x00000000c2100000, 0x00000000c2100000|100%| O|  |TAMS 0x00000000c2000000, 0x00000000c2000000| Untracked 
|   9|0x00000000c2100000, 0x00000000c218d000, 0x00000000c2200000| 55%| O|  |TAMS 0x00000000c2100000, 0x00000000c2100000| Untracked 
|  10|0x00000000c2200000, 0x00000000c2200000, 0x00000000c2300000|  0%| F|  |TAMS 0x00000000c2200000, 0x00000000c2200000| Untracked 
|  11|0x00000000c2300000, 0x00000000c2300000, 0x00000000c2400000|  0%| F|  |TAMS 0x00000000c2300000, 0x00000000c2300000| Untracked 
|  12|0x00000000c2400000, 0x00000000c2400000, 0x00000000c2500000|  0%| F|  |TAMS 0x00000000c2400000, 0x00000000c2400000| Untracked 
|  13|0x00000000c2500000, 0x00000000c2500000, 0x00000000c2600000|  0%| F|  |TAMS 0x00000000c2500000, 0x00000000c2500000| Untracked 
|  14|0x00000000c2600000, 0x00000000c2600000, 0x00000000c2700000|  0%| F|  |TAMS 0x00000000c2600000, 0x00000000c2600000| Untracked 
|  15|0x00000000c2700000, 0x00000000c2700000, 0x00000000c2800000|  0%| F|  |TAMS 0x00000000c2700000, 0x00000000c2700000| Untracked 
|  16|0x00000000c2800000, 0x00000000c2800000, 0x00000000c2900000|  0%| F|  |TAMS 0x00000000c2800000, 0x00000000c2800000| Untracked 
|  17|0x00000000c2900000, 0x00000000c2900000, 0x00000000c2a00000|  0%| F|  |TAMS 0x00000000c2900000, 0x00000000c2900000| Untracked 
|  18|0x00000000c2a00000, 0x00000000c2a00000, 0x00000000c2b00000|  0%| F|  |TAMS 0x00000000c2a00000, 0x00000000c2a00000| Untracked 
|  19|0x00000000c2b00000, 0x00000000c2b00000, 0x00000000c2c00000|  0%| F|  |TAMS 0x00000000c2b00000, 0x00000000c2b00000| Untracked 
|  20|0x00000000c2c00000, 0x00000000c2c00000, 0x00000000c2d00000|  0%| F|  |TAMS 0x00000000c2c00000, 0x00000000c2c00000| Untracked 
|  21|0x00000000c2d00000, 0x00000000c2d00000, 0x00000000c2e00000|  0%| F|  |TAMS 0x00000000c2d00000, 0x00000000c2d00000| Untracked 
|  22|0x00000000c2e00000, 0x00000000c2e00000, 0x00000000c2f00000|  0%| F|  |TAMS 0x00000000c2e00000, 0x00000000c2e00000| Untracked 
|  23|0x00000000c2f00000, 0x00000000c2f00000, 0x00000000c3000000|  0%| F|  |TAMS 0x00000000c2f00000, 0x00000000c2f00000| Untracked 
|  24|0x00000000c3000000, 0x00000000c3000000, 0x00000000c3100000|  0%| F|  |TAMS 0x00000000c3000000, 0x00000000c3000000| Untracked 
|  25|0x00000000c3100000, 0x00000000c3100000, 0x00000000c3200000|  0%| F|  |TAMS 0x00000000c3100000, 0x00000000c3100000| Untracked 
|  26|0x00000000c3200000, 0x00000000c3200000, 0x00000000c3300000|  0%| F|  |TAMS 0x00000000c3200000, 0x00000000c3200000| Untracked 
|  27|0x00000000c3300000, 0x00000000c3300000, 0x00000000c3400000|  0%| F|  |TAMS 0x00000000c3300000, 0x00000000c3300000| Untracked 
|  28|0x00000000c3400000, 0x00000000c3400000, 0x00000000c3500000|  0%| F|  |TAMS 0x00000000c3400000, 0x00000000c3400000| Untracked 
|  29|0x00000000c3500000, 0x00000000c3500000, 0x00000000c3600000|  0%| F|  |TAMS 0x00000000c3500000, 0x00000000c3500000| Untracked 
|  30|0x00000000c3600000, 0x00000000c3600000, 0x00000000c3700000|  0%| F|  |TAMS 0x00000000c3600000, 0x00000000c3600000| Untracked 
|  31|0x00000000c3700000, 0x00000000c3700000, 0x00000000c3800000|  0%| F|  |TAMS 0x00000000c3700000, 0x00000000c3700000| Untracked 
|  32|0x00000000c3800000, 0x00000000c3800000, 0x00000000c3900000|  0%| F|  |TAMS 0x00000000c3800000, 0x00000000c3800000| Untracked 
|  33|0x00000000c3900000, 0x00000000c3900000, 0x00000000c3a00000|  0%| F|  |TAMS 0x00000000c3900000, 0x00000000c3900000| Untracked 
|  34|0x00000000c3a00000, 0x00000000c3a00000, 0x00000000c3b00000|  0%| F|  |TAMS 0x00000000c3a00000, 0x00000000c3a00000| Untracked 
|  35|0x00000000c3b00000, 0x00000000c3b00000, 0x00000000c3c00000|  0%| F|  |TAMS 0x00000000c3b00000, 0x00000000c3b00000| Untracked 
|  36|0x00000000c3c00000, 0x00000000c3c00000, 0x00000000c3d00000|  0%| F|  |TAMS 0x00000000c3c00000, 0x00000000c3c00000| Untracked 
|  37|0x00000000c3d00000, 0x00000000c3d00000, 0x00000000c3e00000|  0%| F|  |TAMS 0x00000000c3d00000, 0x00000000c3d00000| Untracked 
|  38|0x00000000c3e00000, 0x00000000c3e00000, 0x00000000c3f00000|  0%| F|  |TAMS 0x00000000c3e00000, 0x00000000c3e00000| Untracked 
|  39|0x00000000c3f00000, 0x00000000c3f00000, 0x00000000c4000000|  0%| F|  |TAMS 0x00000000c3f00000, 0x00000000c3f00000| Untracked 
|  40|0x00000000c4000000, 0x00000000c4000000, 0x00000000c4100000|  0%| F|  |TAMS 0x00000000c4000000, 0x00000000c4000000| Untracked 
|  41|0x00000000c4100000, 0x00000000c4100000, 0x00000000c4200000|  0%| F|  |TAMS 0x00000000c4100000, 0x00000000c4100000| Untracked 
|  42|0x00000000c4200000, 0x00000000c4200000, 0x00000000c4300000|  0%| F|  |TAMS 0x00000000c4200000, 0x00000000c4200000| Untracked 
|  43|0x00000000c4300000, 0x00000000c4300000, 0x00000000c4400000|  0%| F|  |TAMS 0x00000000c4300000, 0x00000000c4300000| Untracked 
|  44|0x00000000c4400000, 0x00000000c4400000, 0x00000000c4500000|  0%| F|  |TAMS 0x00000000c4400000, 0x00000000c4400000| Untracked 
|  45|0x00000000c4500000, 0x00000000c4500000, 0x00000000c4600000|  0%| F|  |TAMS 0x00000000c4500000, 0x00000000c4500000| Untracked 
|  46|0x00000000c4600000, 0x00000000c4600000, 0x00000000c4700000|  0%| F|  |TAMS 0x00000000c4600000, 0x00000000c4600000| Untracked 
|  47|0x00000000c4700000, 0x00000000c4700000, 0x00000000c4800000|  0%| F|  |TAMS 0x00000000c4700000, 0x00000000c4700000| Untracked 
|  48|0x00000000c4800000, 0x00000000c4900000, 0x00000000c4900000|100%| S|CS|TAMS 0x00000000c4800000, 0x00000000c4800000| Complete 
|  49|0x00000000c4900000, 0x00000000c496b4b8, 0x00000000c4a00000| 41%| E|  |TAMS 0x00000000c4900000, 0x00000000c4900000| Complete 
|  50|0x00000000c4a00000, 0x00000000c4b00000, 0x00000000c4b00000|100%| E|CS|TAMS 0x00000000c4a00000, 0x00000000c4a00000| Complete 
|  51|0x00000000c4b00000, 0x00000000c4c00000, 0x00000000c4c00000|100%| S|CS|TAMS 0x00000000c4b00000, 0x00000000c4b00000| Complete 
|  52|0x00000000c4c00000, 0x00000000c4d00000, 0x00000000c4d00000|100%| E|CS|TAMS 0x00000000c4c00000, 0x00000000c4c00000| Complete 
|  53|0x00000000c4d00000, 0x00000000c4e00000, 0x00000000c4e00000|100%| E|CS|TAMS 0x00000000c4d00000, 0x00000000c4d00000| Complete 
|  54|0x00000000c4e00000, 0x00000000c4f00000, 0x00000000c4f00000|100%| E|CS|TAMS 0x00000000c4e00000, 0x00000000c4e00000| Complete 
|  55|0x00000000c4f00000, 0x00000000c5000000, 0x00000000c5000000|100%| E|CS|TAMS 0x00000000c4f00000, 0x00000000c4f00000| Complete 
|  56|0x00000000c5000000, 0x00000000c5100000, 0x00000000c5100000|100%| E|CS|TAMS 0x00000000c5000000, 0x00000000c5000000| Complete 
|  57|0x00000000c5100000, 0x00000000c5200000, 0x00000000c5200000|100%| E|CS|TAMS 0x00000000c5100000, 0x00000000c5100000| Complete 
|  58|0x00000000c5200000, 0x00000000c5300000, 0x00000000c5300000|100%| E|CS|TAMS 0x00000000c5200000, 0x00000000c5200000| Complete 
|  59|0x00000000c5300000, 0x00000000c5400000, 0x00000000c5400000|100%| E|CS|TAMS 0x00000000c5300000, 0x00000000c5300000| Complete 
|  60|0x00000000c5400000, 0x00000000c5500000, 0x00000000c5500000|100%| E|CS|TAMS 0x00000000c5400000, 0x00000000c5400000| Complete 
|  61|0x00000000c5500000, 0x00000000c5600000, 0x00000000c5600000|100%| E|CS|TAMS 0x00000000c5500000, 0x00000000c5500000| Complete 
|  62|0x00000000c5600000, 0x00000000c5700000, 0x00000000c5700000|100%| E|CS|TAMS 0x00000000c5600000, 0x00000000c5600000| Complete 
|  63|0x00000000c5700000, 0x00000000c5800000, 0x00000000c5800000|100%| E|CS|TAMS 0x00000000c5700000, 0x00000000c5700000| Complete 

Card table byte_map: [0x000001491b7f0000,0x000001491b9f0000] _byte_map_base: 0x000001491b1e4000

Marking Bits (Prev, Next): (CMBitMap*) 0x0000014902f7fe20, (CMBitMap*) 0x0000014902f7fe60
 Prev Bits: [0x000001491bbf0000, 0x000001491cb90000)
 Next Bits: [0x000001491cb90000, 0x000001491db30000)

Polling page: 0x0000014903020000

Metaspace:

Usage:
  Non-class:     13.57 MB used.
      Class:      1.90 MB used.
       Both:     15.47 MB used.

Virtual space:
  Non-class space:       64.00 MB reserved,      13.69 MB ( 21%) committed,  1 nodes.
      Class space:        1.00 GB reserved,       2.06 MB ( <1%) committed,  1 nodes.
             Both:        1.06 GB reserved,      15.75 MB (  1%) committed. 

Chunk freelists:
   Non-Class:  2.25 MB
       Class:  13.89 MB
        Both:  16.14 MB

MaxMetaspaceSize: unlimited
CompressedClassSpaceSize: 1.00 GB
Initial GC threshold: 21.00 MB
Current GC threshold: 21.00 MB
CDS: on
MetaspaceReclaimPolicy: balanced
 - commit_granule_bytes: 65536.
 - commit_granule_words: 8192.
 - virtual_space_node_default_size: 8388608.
 - enlarge_chunks_in_place: 1.
 - new_chunks_are_fully_committed: 0.
 - uncommit_free_chunks: 1.
 - use_allocation_guard: 0.
 - handle_deallocations: 1.


Internal statistics:

num_allocs_failed_limit: 0.
num_arena_births: 354.
num_arena_deaths: 0.
num_vsnodes_births: 2.
num_vsnodes_deaths: 0.
num_space_committed: 252.
num_space_uncommitted: 0.
num_chunks_returned_to_freelist: 0.
num_chunks_taken_from_freelist: 749.
num_chunk_merges: 0.
num_chunk_splits: 462.
num_chunks_enlarged: 309.
num_inconsistent_stats: 0.

CodeHeap 'non-profiled nmethods': size=120000Kb used=667Kb max_used=667Kb free=119332Kb
 bounds [0x0000014913aa0000, 0x0000014913d10000, 0x000001491afd0000]
CodeHeap 'profiled nmethods': size=120000Kb used=3682Kb max_used=3682Kb free=116317Kb
 bounds [0x000001490bfd0000, 0x000001490c370000, 0x0000014913500000]
CodeHeap 'non-nmethods': size=5760Kb used=1239Kb max_used=1262Kb free=4520Kb
 bounds [0x0000014913500000, 0x0000014913770000, 0x0000014913aa0000]
 total_blobs=2462 nmethods=1912 adapters=462
 compilation: enabled
              stopped_count=0, restarted_count=0
 full_count=0

Compilation events (20 events):
Event: 14.622 Thread 0x0000014903019180 1903       3       java.lang.invoke.MethodHandle::bindArgumentL (10 bytes)
Event: 14.623 Thread 0x0000014903019180 nmethod 1903 0x000001490c364090 code [0x000001490c364280, 0x000001490c364908]
Event: 14.642 Thread 0x0000014903019180 1904       3       java.util.HashMap::isEmpty (13 bytes)
Event: 14.642 Thread 0x0000014903019180 nmethod 1904 0x000001490c364b90 code [0x000001490c364d20, 0x000001490c364e98]
Event: 14.650 Thread 0x00000149030186d0 1905       4       java.lang.StringConcatHelper::prepend (37 bytes)
Event: 14.652 Thread 0x00000149030186d0 nmethod 1905 0x0000014913b46290 code [0x0000014913b46420, 0x0000014913b46578]
Event: 14.658 Thread 0x0000014903019180 1906       3       com.google.common.base.Preconditions::checkNotNull (14 bytes)
Event: 14.658 Thread 0x0000014903019180 nmethod 1906 0x000001490c364f10 code [0x000001490c3650c0, 0x000001490c3652a8]
Event: 14.663 Thread 0x00000149030186d0 1907       4       java.util.AbstractCollection::<init> (5 bytes)
Event: 14.663 Thread 0x00000149030186d0 nmethod 1907 0x0000014913b46710 code [0x0000014913b46880, 0x0000014913b468f8]
Event: 14.671 Thread 0x00000149030186d0 1908       4       java.lang.String::checkBoundsBeginEnd (63 bytes)
Event: 14.671 Thread 0x0000014903019180 1909       3       java.util.Spliterators$IteratorSpliterator::tryAdvance (77 bytes)
Event: 14.672 Thread 0x0000014903019180 nmethod 1909 0x000001490c365390 code [0x000001490c3655a0, 0x000001490c365cb8]
Event: 14.672 Thread 0x00000149030186d0 nmethod 1908 0x0000014913b46a10 code [0x0000014913b46b80, 0x0000014913b46c38]
Event: 14.672 Thread 0x0000014903019180 1910       3       org.openqa.selenium.json.JsonInput::peek (267 bytes)
Event: 14.673 Thread 0x0000014903019180 nmethod 1910 0x000001490c365e90 code [0x000001490c3661c0, 0x000001490c367378]
Event: 14.674 Thread 0x0000014903019180 1911       3       org.openqa.selenium.json.JsonInput::skipWhitespace (29 bytes)
Event: 14.674 Thread 0x0000014903019180 nmethod 1911 0x000001490c367910 code [0x000001490c367b40, 0x000001490c368268]
Event: 14.674 Thread 0x0000014903019180 1912       3       java.util.ArrayDeque::peekFirst (12 bytes)
Event: 14.675 Thread 0x0000014903019180 nmethod 1912 0x000001490c368590 code [0x000001490c368720, 0x000001490c3688b8]

GC Heap History (4 events):
Event: 2.562 GC heap before
{Heap before GC invocations=0 (full 0):
 garbage-first heap   total 65536K, used 19456K [0x00000000c1800000, 0x0000000100000000)
  region size 1024K, 13 young (13312K), 0 survivors (0K)
 Metaspace       used 6050K, committed 6272K, reserved 1114112K
  class space    used 668K, committed 768K, reserved 1048576K
}
Event: 2.573 GC heap after
{Heap after GC invocations=1 (full 0):
 garbage-first heap   total 65536K, used 9744K [0x00000000c1800000, 0x0000000100000000)
  region size 1024K, 2 young (2048K), 2 survivors (2048K)
 Metaspace       used 6050K, committed 6272K, reserved 1114112K
  class space    used 668K, committed 768K, reserved 1048576K
}
Event: 3.942 GC heap before
{Heap before GC invocations=1 (full 0):
 garbage-first heap   total 65536K, used 22032K [0x00000000c1800000, 0x0000000100000000)
  region size 1024K, 14 young (14336K), 2 survivors (2048K)
 Metaspace       used 10449K, committed 10752K, reserved 1114112K
  class space    used 1209K, committed 1408K, reserved 1048576K
}
Event: 3.955 GC heap after
{Heap after GC invocations=2 (full 0):
 garbage-first heap   total 65536K, used 11828K [0x00000000c1800000, 0x0000000100000000)
  region size 1024K, 2 young (2048K), 2 survivors (2048K)
 Metaspace       used 10449K, committed 10752K, reserved 1114112K
  class space    used 1209K, committed 1408K, reserved 1048576K
}

Deoptimization events (20 events):
Event: 3.641 Thread 0x0000014902f45e90 DEOPT PACKING pc=0x0000014913b0876c sp=0x0000000c690faa80
Event: 3.641 Thread 0x0000014902f45e90 DEOPT UNPACKING pc=0x00000149135523a3 sp=0x0000000c690faa10 mode 2
Event: 3.916 Thread 0x0000014902f45e90 DEOPT PACKING pc=0x000001490c292abe sp=0x0000000c690fb540
Event: 3.916 Thread 0x0000014902f45e90 DEOPT UNPACKING pc=0x0000014913552b43 sp=0x0000000c690fa9c0 mode 0
Event: 3.918 Thread 0x0000014902f45e90 DEOPT PACKING pc=0x000001490c292abe sp=0x0000000c690fb590
Event: 3.918 Thread 0x0000014902f45e90 DEOPT UNPACKING pc=0x0000014913552b43 sp=0x0000000c690faa10 mode 0
Event: 3.920 Thread 0x0000014902f45e90 DEOPT PACKING pc=0x000001490c292abe sp=0x0000000c690fb540
Event: 3.920 Thread 0x0000014902f45e90 DEOPT UNPACKING pc=0x0000014913552b43 sp=0x0000000c690fa9c0 mode 0
Event: 4.137 Thread 0x0000014902f45e90 Uncommon trap: trap_request=0xffffff45 fr.pc=0x0000014913ad8480 relative=0x0000000000000260
Event: 4.137 Thread 0x0000014902f45e90 Uncommon trap: reason=unstable_if action=reinterpret pc=0x0000014913ad8480 method=java.util.HashMap.putVal(ILjava/lang/Object;Ljava/lang/Object;ZZ)Ljava/lang/Object; @ 162 c2
Event: 4.137 Thread 0x0000014902f45e90 DEOPT PACKING pc=0x0000014913ad8480 sp=0x0000000c690fa1a0
Event: 4.137 Thread 0x0000014902f45e90 DEOPT UNPACKING pc=0x00000149135523a3 sp=0x0000000c690fa0f8 mode 2
Event: 4.803 Thread 0x0000014902f45e90 Uncommon trap: trap_request=0xffffff45 fr.pc=0x0000014913b021b0 relative=0x0000000000004cd0
Event: 4.803 Thread 0x0000014902f45e90 Uncommon trap: reason=unstable_if action=reinterpret pc=0x0000014913b021b0 method=jdk.internal.org.objectweb.asm.Type.getArgumentsAndReturnSizes(Ljava/lang/String;)I @ 123 c2
Event: 4.803 Thread 0x0000014902f45e90 DEOPT PACKING pc=0x0000014913b021b0 sp=0x0000000c690fbab0
Event: 4.803 Thread 0x0000014902f45e90 DEOPT UNPACKING pc=0x00000149135523a3 sp=0x0000000c690fb968 mode 2
Event: 5.299 Thread 0x0000014966b3f5a0 DEOPT PACKING pc=0x000001490c267749 sp=0x0000000c6affdfe0
Event: 5.299 Thread 0x0000014966b3f5a0 DEOPT UNPACKING pc=0x0000014913552b43 sp=0x0000000c6affd4f0 mode 0
Event: 14.592 Thread 0x0000014902f45e90 DEOPT PACKING pc=0x000001490c1394a7 sp=0x0000000c690f7e30
Event: 14.592 Thread 0x0000014902f45e90 DEOPT UNPACKING pc=0x0000014913552b43 sp=0x0000000c690f7290 mode 0

Classes unloaded (0 events):
No events

Classes redefined (0 events):
No events

Internal exceptions (20 events):
Event: 4.776 Thread 0x0000014966b3f090 Exception <a 'java/net/ConnectException'{0x00000000c54f6fa8}: Connection refused: no further information> (0x00000000c54f6fa8) 
thrown [s\open\src\hotspot\share\prims\jni.cpp, line 535]
Event: 4.776 Thread 0x0000014966b3f090 Exception <a 'java/net/SocketException'{0x00000000c54f72e0}: Socket is not connected: shutdown> (0x00000000c54f72e0) 
thrown [s\open\src\hotspot\share\prims\jni.cpp, line 535]
Event: 4.776 Thread 0x0000014966b3f090 Exception <a 'java/net/ConnectException'{0x00000000c54f7b40}: Connection refused: no further information> (0x00000000c54f7b40) 
thrown [s\open\src\hotspot\share\prims\jni.cpp, line 535]
Event: 4.776 Thread 0x0000014966b3f090 Exception <a 'java/net/SocketException'{0x00000000c54f7e78}: Socket is not connected: shutdown> (0x00000000c54f7e78) 
thrown [s\open\src\hotspot\share\prims\jni.cpp, line 535]
Event: 4.778 Thread 0x0000014966b3f090 Exception <a 'java/net/ConnectException'{0x00000000c54f86d8}: Connection refused: no further information> (0x00000000c54f86d8) 
thrown [s\open\src\hotspot\share\prims\jni.cpp, line 535]
Event: 4.778 Thread 0x0000014966b3f090 Exception <a 'java/net/SocketException'{0x00000000c54f8a10}: Socket is not connected: shutdown> (0x00000000c54f8a10) 
thrown [s\open\src\hotspot\share\prims\jni.cpp, line 535]
Event: 4.779 Thread 0x0000014966b3f090 Exception <a 'java/net/ConnectException'{0x00000000c54f9270}: Connection refused: no further information> (0x00000000c54f9270) 
thrown [s\open\src\hotspot\share\prims\jni.cpp, line 535]
Event: 4.779 Thread 0x0000014966b3f090 Exception <a 'java/net/SocketException'{0x00000000c54f95a8}: Socket is not connected: shutdown> (0x00000000c54f95a8) 
thrown [s\open\src\hotspot\share\prims\jni.cpp, line 535]
Event: 4.802 Thread 0x0000014902f45e90 Exception <a 'java/lang/NoSuchMethodError'{0x00000000c5327da0}: 'double java.lang.invoke.DirectMethodHandle$Holder.invokeVirtual(java.lang.Object, java.lang.Object)'> (0x00000000c5327da0) 
thrown [s\open\src\hotspot\share\interpreter\linkResolver.cpp, line 759]
Event: 4.804 Thread 0x0000014902f45e90 Exception <a 'java/lang/NoSuchMethodError'{0x00000000c532e548}: 'float java.lang.invoke.DirectMethodHandle$Holder.invokeVirtual(java.lang.Object, java.lang.Object)'> (0x00000000c532e548) 
thrown [s\open\src\hotspot\share\interpreter\linkResolver.cpp, line 759]
Event: 4.806 Thread 0x0000014902f45e90 Exception <a 'java/lang/NoSuchMethodError'{0x00000000c5337528}: 'long java.lang.invoke.DirectMethodHandle$Holder.invokeVirtual(java.lang.Object, java.lang.Object)'> (0x00000000c5337528) 
thrown [s\open\src\hotspot\share\interpreter\linkResolver.cpp, line 759]
Event: 4.815 Thread 0x0000014902f45e90 Exception <a 'java/lang/NoSuchMethodError'{0x00000000c5365720}: 'java.lang.Object java.lang.invoke.DirectMethodHandle$Holder.invokeVirtual(java.lang.Object, java.lang.Object, java.lang.Object)'> (0x00000000c5365720) 
thrown [s\open\src\hotspot\share\interpreter\linkResolver.cpp, line 759]
Event: 4.871 Thread 0x0000014902f45e90 Exception <a 'java/lang/NoSuchMethodError'{0x00000000c5280920}: 'java.lang.Object java.lang.invoke.DirectMethodHandle$Holder.newInvokeSpecial(java.lang.Object, java.lang.Object, int, int)'> (0x00000000c5280920) 
thrown [s\open\src\hotspot\share\interpreter\linkResolver.cpp, line 759]
Event: 4.873 Thread 0x0000014902f45e90 Exception <a 'java/lang/NoSuchMethodError'{0x00000000c528ba28}: 'void java.lang.invoke.DirectMethodHandle$Holder.invokeStatic(java.lang.Object, java.lang.Object, int)'> (0x00000000c528ba28) 
thrown [s\open\src\hotspot\share\interpreter\linkResolver.cpp, line 759]
Event: 5.210 Thread 0x0000014966b3fab0 Exception <a 'java/lang/NoSuchMethodError'{0x00000000c4d15ea0}: 'java.lang.Object java.lang.invoke.DirectMethodHandle$Holder.invokeSpecial(java.lang.Object, java.lang.Object, java.lang.Object, java.lang.Object, int)'> (0x00000000c4d15ea0) 
thrown [s\open\src\hotspot\share\interpreter\linkResolver.cpp, line 759]
Event: 5.211 Thread 0x0000014966b3fab0 Exception <a 'java/lang/NoSuchMethodError'{0x00000000c4d19a68}: 'java.lang.Object java.lang.invoke.Invokers$Holder.linkToTargetMethod(java.lang.Object, java.lang.Object, int, java.lang.Object)'> (0x00000000c4d19a68) 
thrown [s\open\src\hotspot\share\interpreter\linkResolver.cpp, line 759]
Event: 5.256 Thread 0x0000014966b3fab0 Exception <a 'java/lang/NoSuchMethodError'{0x00000000c4d6bd40}: 'void java.lang.invoke.DirectMethodHandle$Holder.invokeSpecial(java.lang.Object, java.lang.Object, java.lang.Object, java.lang.Object, java.lang.Object)'> (0x00000000c4d6bd40) 
thrown [s\open\src\hotspot\share\interpreter\linkResolver.cpp, line 759]
Event: 14.563 Thread 0x0000014966b3f5a0 Exception <a 'java/lang/NoSuchMethodError'{0x00000000c4c71c80}: 'java.lang.Object java.lang.invoke.DirectMethodHandle$Holder.newInvokeSpecial(java.lang.Object, java.lang.Object, long, java.lang.Object, java.lang.Object, java.lang.Object)'> (0x00000000c4c71c80) 
thrown [s\open\src\hotspot\share\interpreter\linkResolver.cpp, line 759]
Event: 14.570 Thread 0x0000014966b3f5a0 Exception <a 'java/lang/NoSuchMethodError'{0x00000000c4c89d40}: 'void java.lang.invoke.DirectMethodHandle$Holder.invokeSpecial(java.lang.Object, java.lang.Object, java.lang.Object, java.lang.Object, java.lang.Object, java.lang.Object, java.lang.Object)'> (0x00000000c4c89d40) 
thrown [s\open\src\hotspot\share\interpreter\linkResolver.cpp, line 759]
Event: 14.680 Thread 0x0000014902f45e90 Exception <a 'java/lang/NoSuchMethodError'{0x00000000c4907260}: 'java.lang.Object java.lang.invoke.DirectMethodHandle$Holder.invokeSpecialIFC(java.lang.Object, java.lang.Object, java.lang.Object)'> (0x00000000c4907260) 
thrown [s\open\src\hotspot\share\interpreter\linkResolver.cpp, line 759]

VM Operations (20 events):
Event: 2.562 Executing VM operation: G1CollectForAllocation
Event: 2.574 Executing VM operation: G1CollectForAllocation done
Event: 2.711 Executing VM operation: HandshakeAllThreads
Event: 2.711 Executing VM operation: HandshakeAllThreads done
Event: 2.744 Executing VM operation: HandshakeAllThreads
Event: 2.744 Executing VM operation: HandshakeAllThreads done
Event: 3.736 Executing VM operation: HandshakeAllThreads
Event: 3.736 Executing VM operation: HandshakeAllThreads done
Event: 3.736 Executing VM operation: Cleanup
Event: 3.736 Executing VM operation: Cleanup done
Event: 3.942 Executing VM operation: G1CollectForAllocation
Event: 3.955 Executing VM operation: G1CollectForAllocation done
Event: 4.014 Executing VM operation: HandshakeAllThreads
Event: 4.015 Executing VM operation: HandshakeAllThreads done
Event: 4.325 Executing VM operation: HandshakeAllThreads
Event: 4.326 Executing VM operation: HandshakeAllThreads done
Event: 5.328 Executing VM operation: Cleanup
Event: 5.328 Executing VM operation: Cleanup done
Event: 14.546 Executing VM operation: HandshakeAllThreads
Event: 14.546 Executing VM operation: HandshakeAllThreads done

Events (20 events):
Event: 14.554 loading class java/util/stream/ReferencePipeline$5
Event: 14.555 loading class java/util/stream/LongPipeline$StatelessOp
Event: 14.555 loading class java/util/stream/LongPipeline
Event: 14.556 loading class java/util/stream/LongStream
Event: 14.557 loading class java/util/stream/LongStream done
Event: 14.557 loading class java/util/stream/LongPipeline done
Event: 14.557 loading class java/util/stream/LongPipeline$StatelessOp done
Event: 14.557 loading class java/util/stream/ReferencePipeline$5 done
Event: 14.557 loading class java/util/stream/FindOps$FindSink$OfLong
Event: 14.558 loading class java/util/stream/Sink$OfLong
Event: 14.558 loading class java/util/stream/Sink$OfLong done
Event: 14.558 loading class java/util/stream/FindOps$FindSink$OfLong done
Event: 14.558 loading class java/util/OptionalLong
Event: 14.559 loading class java/util/OptionalLong done
Event: 14.561 loading class java/util/stream/ReferencePipeline$5$1
Event: 14.561 loading class java/util/stream/ReferencePipeline$5$1 done
Event: 14.616 loading class java/util/DualPivotQuicksort
Event: 14.617 loading class java/util/DualPivotQuicksort done
Event: 14.675 loading class java/math/MathContext
Event: 14.676 loading class java/math/MathContext done


Dynamic libraries:
0x00007ff762d20000 - 0x00007ff762d30000 	C:\Program Files\Java\jdk-17\bin\java.exe
0x00007ffdf52f0000 - 0x00007ffdf54e8000 	C:\WINDOWS\SYSTEM32\ntdll.dll
0x00007ffdf3a10000 - 0x00007ffdf3acd000 	C:\WINDOWS\System32\KERNEL32.DLL
0x00007ffdf29b0000 - 0x00007ffdf2ca6000 	C:\WINDOWS\System32\KERNELBASE.dll
0x00007ffdf3230000 - 0x00007ffdf3330000 	C:\WINDOWS\System32\ucrtbase.dll
0x00007ffdf01e0000 - 0x00007ffdf01f9000 	C:\Program Files\Java\jdk-17\bin\jli.dll
0x00007ffdedd30000 - 0x00007ffdedd4b000 	C:\Program Files\Java\jdk-17\bin\VCRUNTIME140.dll
0x00007ffdf3920000 - 0x00007ffdf39d3000 	C:\WINDOWS\System32\ADVAPI32.dll
0x00007ffdf4f30000 - 0x00007ffdf4fce000 	C:\WINDOWS\System32\msvcrt.dll
0x00007ffdf3450000 - 0x00007ffdf34ef000 	C:\WINDOWS\System32\sechost.dll
0x00007ffdf4e00000 - 0x00007ffdf4f26000 	C:\WINDOWS\System32\RPCRT4.dll
0x00007ffdf3200000 - 0x00007ffdf3227000 	C:\WINDOWS\System32\bcrypt.dll
0x00007ffdf3c00000 - 0x00007ffdf3d9e000 	C:\WINDOWS\System32\USER32.dll
0x00007ffdf2ed0000 - 0x00007ffdf2ef2000 	C:\WINDOWS\System32\win32u.dll
0x00007ffdf39e0000 - 0x00007ffdf3a0b000 	C:\WINDOWS\System32\GDI32.dll
0x00007ffdf3030000 - 0x00007ffdf3147000 	C:\WINDOWS\System32\gdi32full.dll
0x00007ffdf2f00000 - 0x00007ffdf2f9d000 	C:\WINDOWS\System32\msvcp_win.dll
0x00007ffdde7f0000 - 0x00007ffddea8a000 	C:\WINDOWS\WinSxS\amd64_microsoft.windows.common-controls_6595b64144ccf1df_6.0.19041.3636_none_60b6a03d71f818d5\COMCTL32.dll
0x00007ffde2f40000 - 0x00007ffde2f4a000 	C:\WINDOWS\SYSTEM32\VERSION.dll
0x00007ffdf50c0000 - 0x00007ffdf50f2000 	C:\WINDOWS\System32\IMM32.DLL
0x00007ffded010000 - 0x00007ffded01c000 	C:\Program Files\Java\jdk-17\bin\vcruntime140_1.dll
0x00007ffdeb9e0000 - 0x00007ffdeba6e000 	C:\Program Files\Java\jdk-17\bin\msvcp140.dll
0x00007ffdc2520000 - 0x00007ffdc3101000 	C:\Program Files\Java\jdk-17\bin\server\jvm.dll
0x00007ffdf4b60000 - 0x00007ffdf4b68000 	C:\WINDOWS\System32\PSAPI.DLL
0x00007ffde32a0000 - 0x00007ffde32a9000 	C:\WINDOWS\SYSTEM32\WSOCK32.dll
0x00007ffdf4290000 - 0x00007ffdf42fb000 	C:\WINDOWS\System32\WS2_32.dll
0x00007ffde25a0000 - 0x00007ffde25c7000 	C:\WINDOWS\SYSTEM32\WINMM.dll
0x00007ffdf0820000 - 0x00007ffdf0832000 	C:\WINDOWS\SYSTEM32\kernel.appcore.dll
0x00007ffdecfa0000 - 0x00007ffdecfaa000 	C:\Program Files\Java\jdk-17\bin\jimage.dll
0x00007ffde15a0000 - 0x00007ffde1784000 	C:\WINDOWS\SYSTEM32\DBGHELP.DLL
0x00007ffde10d0000 - 0x00007ffde1104000 	C:\WINDOWS\SYSTEM32\dbgcore.DLL
0x00007ffdf2fa0000 - 0x00007ffdf3022000 	C:\WINDOWS\System32\bcryptPrimitives.dll
0x00007ffdecf90000 - 0x00007ffdecf9e000 	C:\Program Files\Java\jdk-17\bin\instrument.dll
0x00007ffdebbc0000 - 0x00007ffdebbe5000 	C:\Program Files\Java\jdk-17\bin\java.dll
0x00007ffde4940000 - 0x00007ffde4a17000 	C:\Program Files\Java\jdk-17\bin\jsvml.dll
0x00007ffdf4410000 - 0x00007ffdf4b55000 	C:\WINDOWS\System32\SHELL32.dll
0x00007ffdf0a20000 - 0x00007ffdf11bc000 	C:\WINDOWS\SYSTEM32\windows.storage.dll
0x00007ffdf34f0000 - 0x00007ffdf3844000 	C:\WINDOWS\System32\combase.dll
0x00007ffdf2230000 - 0x00007ffdf225e000 	C:\WINDOWS\SYSTEM32\Wldp.dll
0x00007ffdf3850000 - 0x00007ffdf391d000 	C:\WINDOWS\System32\OLEAUT32.dll
0x00007ffdf4be0000 - 0x00007ffdf4c8d000 	C:\WINDOWS\System32\SHCORE.dll
0x00007ffdf3dc0000 - 0x00007ffdf3e15000 	C:\WINDOWS\System32\shlwapi.dll
0x00007ffdf28e0000 - 0x00007ffdf2905000 	C:\WINDOWS\SYSTEM32\profapi.dll
0x00007ffdece30000 - 0x00007ffdece48000 	C:\Program Files\Java\jdk-17\bin\zip.dll
0x00007ffdebba0000 - 0x00007ffdebbb9000 	C:\Program Files\Java\jdk-17\bin\net.dll
0x00007ffde7c60000 - 0x00007ffde7d6a000 	C:\WINDOWS\SYSTEM32\WINHTTP.dll
0x00007ffdf2010000 - 0x00007ffdf207a000 	C:\WINDOWS\system32\mswsock.dll
0x00007ffdeb990000 - 0x00007ffdeb9a6000 	C:\Program Files\Java\jdk-17\bin\nio.dll
0x00007ffdeb970000 - 0x00007ffdeb98a000 	D:\auto class\1- software\ideaIC-2023.3.2.win\bin\breakgen64.dll
0x00007ffdf2580000 - 0x00007ffdf2598000 	C:\WINDOWS\SYSTEM32\CRYPTSP.dll
0x00007ffdf1960000 - 0x00007ffdf1994000 	C:\WINDOWS\system32\rsaenh.dll
0x00007ffdf2860000 - 0x00007ffdf288e000 	C:\WINDOWS\SYSTEM32\USERENV.dll
0x00007ffdf21a0000 - 0x00007ffdf21ac000 	C:\WINDOWS\SYSTEM32\CRYPTBASE.dll
0x00007ffdf1d20000 - 0x00007ffdf1d5b000 	C:\WINDOWS\SYSTEM32\IPHLPAPI.DLL
0x00007ffdf4b70000 - 0x00007ffdf4b78000 	C:\WINDOWS\System32\NSI.dll
0x00007ffde94a0000 - 0x00007ffde94b7000 	C:\WINDOWS\SYSTEM32\dhcpcsvc6.DLL
0x00007ffde9d40000 - 0x00007ffde9d5d000 	C:\WINDOWS\SYSTEM32\dhcpcsvc.DLL
0x00007ffdf1d60000 - 0x00007ffdf1e2b000 	C:\WINDOWS\SYSTEM32\DNSAPI.dll
0x00007ffde3da0000 - 0x00007ffde3daa000 	C:\Windows\System32\rasadhlp.dll
0x00007ffde4580000 - 0x00007ffde4600000 	C:\WINDOWS\System32\fwpuclnt.dll
0x00007ffdecee0000 - 0x00007ffdeceee000 	C:\Program Files\Java\jdk-17\bin\sunmscapi.dll
0x00007ffdf2d00000 - 0x00007ffdf2e5d000 	C:\WINDOWS\System32\CRYPT32.dll
0x00007ffdf22a0000 - 0x00007ffdf22c8000 	C:\WINDOWS\SYSTEM32\ncrypt.dll
0x00007ffdf2260000 - 0x00007ffdf229b000 	C:\WINDOWS\SYSTEM32\NTASN1.dll
0x00007ffded7e0000 - 0x00007ffded7e7000 	C:\WINDOWS\system32\wshunix.dll

dbghelp: loaded successfully - version: 4.0.5 - missing functions: none
symbol engine: initialized successfully - sym options: 0x614 - pdb path: .;C:\Program Files\Java\jdk-17\bin;C:\WINDOWS\SYSTEM32;C:\WINDOWS\WinSxS\amd64_microsoft.windows.common-controls_6595b64144ccf1df_6.0.19041.3636_none_60b6a03d71f818d5;C:\Program Files\Java\jdk-17\bin\server;D:\auto class\1- software\ideaIC-2023.3.2.win\bin

VM Arguments:
jvm_args: -ea -Didea.test.cyclic.buffer.size=1048576 -javaagent:D:\auto class\1- software\ideaIC-2023.3.2.win\lib\idea_rt.jar=52527:D:\auto class\1- software\ideaIC-2023.3.2.win\bin -Dfile.encoding=UTF-8 
java_command: com.intellij.rt.testng.RemoteTestNGStarter -usedefaultlisteners false -socket52526 @w@C:\Users\nhung\AppData\Local\Temp\idea_working_dirs_testng.tmp -temp C:\Users\nhung\AppData\Local\Temp\idea_testng.tmp
java_class_path (initial): D:\auto class\1- software\ideaIC-2023.3.2.win\lib\idea_rt.jar;D:\auto class\1- software\ideaIC-2023.3.2.win\plugins\testng\lib\testng-rt.jar;D:\auto class\selenium_webdriver_4.0_nhung\out\production\selenium_webdriver_4.0_nhung;D:\auto class\selenium_webdriver_4.0_nhung\libralies\testng-7.9.0.jar;D:\auto class\selenium_webdriver_4.0_nhung\libralies\selenium-server-4.15.0.jar;D:\auto class\selenium_webdriver_4.0_nhung\libralies\commons-codec-1.16.0.jar;D:\auto class\selenium_webdriver_4.0_nhung\libralies\selenium-server-4.14.0.jar
Launcher Type: SUN_STANDARD

[Global flags]
     intx CICompilerCount                          = 3                                         {product} {ergonomic}
     uint ConcGCThreads                            = 1                                         {product} {ergonomic}
     uint G1ConcRefinementThreads                  = 4                                         {product} {ergonomic}
   size_t G1HeapRegionSize                         = 1048576                                   {product} {ergonomic}
    uintx GCDrainStackTargetSize                   = 64                                        {product} {ergonomic}
   size_t InitialHeapSize                          = 67108864                                  {product} {ergonomic}
   size_t MarkStackSize                            = 4194304                                   {product} {ergonomic}
   size_t MaxHeapSize                              = 1048576000                                {product} {ergonomic}
   size_t MaxNewSize                               = 629145600                                 {product} {ergonomic}
   size_t MinHeapDeltaBytes                        = 1048576                                   {product} {ergonomic}
   size_t MinHeapSize                              = 8388608                                   {product} {ergonomic}
    uintx NonNMethodCodeHeapSize                   = 5832780                                {pd product} {ergonomic}
    uintx NonProfiledCodeHeapSize                  = 122912730                              {pd product} {ergonomic}
    uintx ProfiledCodeHeapSize                     = 122912730                              {pd product} {ergonomic}
    uintx ReservedCodeCacheSize                    = 251658240                              {pd product} {ergonomic}
     bool SegmentedCodeCache                       = true                                      {product} {ergonomic}
   size_t SoftMaxHeapSize                          = 1048576000                             {manageable} {ergonomic}
     bool UseCompressedClassPointers               = true                           {product lp64_product} {ergonomic}
     bool UseCompressedOops                        = true                           {product lp64_product} {ergonomic}
     bool UseG1GC                                  = true                                      {product} {ergonomic}
     bool UseLargePagesIndividualAllocation        = false                                  {pd product} {ergonomic}

Logging:
Log output configuration:
 #0: stdout all=warning uptime,level,tags
 #1: stderr all=off uptime,level,tags

Environment Variables:
PATH=C:\Program Files\Common Files\Oracle\Java\javapath;C:\WINDOWS\system32;C:\WINDOWS;C:\WINDOWS\System32\Wbem;C:\WINDOWS\System32\WindowsPowerShell\v1.0\;C:\WINDOWS\System32\OpenSSH\;c:\Program Files (x86)\Microsoft SQL Server\100\Tools\Binn\;c:\Program Files\Microsoft SQL Server\100\Tools\Binn\;c:\Program Files\Microsoft SQL Server\100\DTS\Binn\;c:\Program Files (x86)\Microsoft SQL Server\100\Tools\Binn\VSShell\Common7\IDE\;c:\Program Files (x86)\Microsoft SQL Server\100\DTS\Binn\;C:\Program Files\Git\cmd;C:\Users\nhung\AppData\Local\Microsoft\WindowsApps;;C:\Users\nhung\AppData\Local\Programs\Microsoft VS Code\bin
USERNAME=nhung
OS=Windows_NT
PROCESSOR_IDENTIFIER=Intel64 Family 6 Model 58 Stepping 9, GenuineIntel



---------------  S Y S T E M  ---------------

OS:
 Windows 10 , 64 bit Build 19041 (10.0.19041.3636)
OS uptime: 2 days 2:06 hours
Hyper-V role detected

CPU: total 4 (initial active 4) (2 cores per cpu, 2 threads per core) family 6 model 58 stepping 9 microcode 0x21, cx8, cmov, fxsr, ht, mmx, sse, sse2, sse3, ssse3, sse4.1, sse4.2, popcnt, tsc, tscinvbit, avx, aes, erms, clmul, vzeroupper, clflush, hv

Memory: 4k page, system-wide physical 3999M (189M free)
TotalPageFile size 9499M (AvailPageFile size 1M)
current process WorkingSet (physical memory assigned to process): 88M, peak: 103M
current process commit charge ("private bytes"): 162M, peak: 176M

vm_info: Java HotSpot(TM) 64-Bit Server VM (17.0.9+11-LTS-201) for windows-amd64 JRE (17.0.9+11-LTS-201), built on Oct 10 2023 23:16:06 by "mach5one" with MS VC++ 17.1 (VS2022)

END.
